<?xml version="1.0" encoding="UTF-8"?>
<testsuite name="twi.bookmarks.BookmarkServiceTest" tests="1" skipped="0" failures="0" errors="0" timestamp="2023-06-05T03:42:35" hostname="mbp2021.local" time="0.483">
  <properties/>
  <testcase name="search()" classname="twi.bookmarks.BookmarkServiceTest" time="0.483"/>
  <system-out><![CDATA[20:42:34.795 [Test worker] INFO org.springframework.test.context.support.AnnotationConfigContextLoaderUtils -- Could not detect default configuration classes for test class [twi.bookmarks.BookmarkServiceTest]: BookmarkServiceTest does not declare any static, non-private, non-final, nested classes annotated with @Configuration.
20:42:34.844 [Test worker] INFO org.springframework.boot.test.context.SpringBootTestContextBootstrapper -- Found @SpringBootConfiguration twi.bookmarks.ResourceserverApplication for test class twi.bookmarks.BookmarkServiceTest

  .   ____          _            __ _ _
 /\\ / ___'_ __ _ _(_)_ __  __ _ \ \ \ \
( ( )\___ | '_ | '_| | '_ \/ _` | \ \ \ \
 \\/  ___)| |_)| | | | | || (_| |  ) ) ) )
  '  |____| .__|_| |_|_| |_\__, | / / / /
 =========|_|==============|___/=/_/_/_/
 :: Spring Boot ::                (v3.1.0)

2023-06-04T20:42:34.995-07:00  INFO 90260 --- [    Test worker] twi.bookmarks.BookmarkServiceTest        : Starting BookmarkServiceTest using Java 17.0.5 with PID 90260 (started by jlong in /Users/jlong/Desktop/oauth-rework/bookmarks-api)
2023-06-04T20:42:34.996-07:00 DEBUG 90260 --- [    Test worker] twi.bookmarks.BookmarkServiceTest        : Running with Spring Boot v3.1.0, Spring v6.0.9
2023-06-04T20:42:34.996-07:00  INFO 90260 --- [    Test worker] twi.bookmarks.BookmarkServiceTest        : No active profile set, falling back to 1 default profile: "default"
2023-06-04T20:42:35.657-07:00  INFO 90260 --- [    Test worker] o.s.s.web.DefaultSecurityFilterChain     : Will secure any request with [org.springframework.security.web.session.DisableEncodeUrlFilter@3b78c683, org.springframework.security.web.context.request.async.WebAsyncManagerIntegrationFilter@7f5614f9, org.springframework.security.web.context.SecurityContextHolderFilter@4bf03fee, org.springframework.security.web.header.HeaderWriterFilter@46a795de, org.springframework.security.web.csrf.CsrfFilter@1f78d415, org.springframework.security.web.authentication.logout.LogoutFilter@2744dcae, org.springframework.security.oauth2.server.resource.web.authentication.BearerTokenAuthenticationFilter@446e7065, org.springframework.security.web.savedrequest.RequestCacheAwareFilter@44f0ff2b, org.springframework.security.web.servletapi.SecurityContextHolderAwareRequestFilter@22ead351, org.springframework.security.web.authentication.AnonymousAuthenticationFilter@480cbe2e, org.springframework.security.web.access.ExceptionTranslationFilter@5e1a986c, org.springframework.security.web.access.intercept.AuthorizationFilter@33e0c716]
2023-06-04T20:42:35.693-07:00  INFO 90260 --- [    Test worker] twi.bookmarks.BookmarkServiceTest        : Started BookmarkServiceTest in 0.796 seconds (process running for 1.251)
the old date is 2023-05-15T03:42:36.085259Z
2023-06-04T20:42:36.088-07:00  INFO 90260 --- [    Test worker] com.zaxxer.hikari.HikariDataSource       : HikariPool-1 - Starting...
2023-06-04T20:42:36.141-07:00  INFO 90260 --- [    Test worker] com.zaxxer.hikari.pool.HikariPool        : HikariPool-1 - Added connection org.postgresql.jdbc.PgConnection@4fee14b
2023-06-04T20:42:36.142-07:00  INFO 90260 --- [    Test worker] com.zaxxer.hikari.HikariDataSource       : HikariPool-1 - Start completed.
2023-06-04T20:42:36.144-07:00 DEBUG 90260 --- [    Test worker] twi.bookmarks.BookmarkService            : select * from bookmark where deleted = false
 and LOWER( description) similar to   ?   and time >=  ?  and time <=  ? 
2023-06-04T20:42:36.144-07:00 DEBUG 90260 --- [    Test worker] twi.bookmarks.BookmarkService            : %spring boot%
2023-06-04T20:42:36.146-07:00 DEBUG 90260 --- [    Test worker] twi.bookmarks.BookmarkService            : Sun May 14 20:42:36 PDT 2023
2023-06-04T20:42:36.146-07:00 DEBUG 90260 --- [    Test worker] twi.bookmarks.BookmarkService            : Sun Jun 04 20:42:36 PDT 2023
there are 12 results.
b: Bookmark[bookmarkId=319360, href=https://feeds.feedblitz.com/~/743110019/0/baeldung~Securing-Spring-Boot-API-With-API-Key-and-Secret, description=Securing Spring Boot API With API Key and Secret, extended=by Hamid Reza Sharifi, hash=f170e6a40e618d61fb6da3a6771877b4, meta=9881c57a0181c383b5fbdb07e9239a98, time=2023-05-27, tags=[Ljava.lang.String;@2c56eba5, edited=2023-06-05]
b: Bookmark[bookmarkId=319026, href=https://auth0.com/blog/spring-boot-angular-crud/, description=Build a Beautiful CRUD App with Spring Boot and Angular, extended=, hash=847e1b9be2bcf2fce616a08cb56cd104, meta=2ca1f0f239298dccb161c956a56e4ae7, time=2023-05-19, tags=[Ljava.lang.String;@6231f77a, edited=2023-06-05]
b: Bookmark[bookmarkId=319240, href=https://feeds.feedblitz.com/~/742615499/0/baeldung~Spring-Boot-Actuator-Without-Spring-Boot, description=Spring Boot Actuator Without Spring Boot, extended=by Ralf Ueberfuhr, hash=f9934adf38c8a620470228f940bef2c9, meta=4f3fcc95295aae04719e12b3a5ea8f0c, time=2023-05-25, tags=[Ljava.lang.String;@290c266c, edited=2023-06-05]
b: Bookmark[bookmarkId=319066, href=https://pages.vaadin.com/webinar-spring-boot-3, description=Bootiful development with Spring Boot 3 and Vaadin | Webinar, extended=, hash=57fbcf756cc4a114808241c2e6763c18, meta=e35ac32c0dcc7bd63055c550fd862724, time=2023-05-22, tags=[Ljava.lang.String;@75b363c3, edited=2023-06-05]
b: Bookmark[bookmarkId=319054, href=https://feeds.feedblitz.com/~/742032836/0/baeldung~Custom-WebFlux-Exceptions-in-Spring-Boot, description=Custom WebFlux Exceptions in Spring Boot 3, extended=by baeldung, hash=973a407619b048bb1175b3828a87d2df, meta=0be7c2010c9acbd1c7b913057e757b33, time=2023-05-22, tags=[Ljava.lang.String;@6ea3a513, edited=2023-06-05]
b: Bookmark[bookmarkId=319406, href=https://feeds.feedblitz.com/~/743713742/0/baeldung~Spring-Boot-Properties-Prefix-Must-Be-in-Canonical-Form, description=Spring Boot Properties Prefix Must Be in Canonical Form, extended=by baeldung, hash=9393ad9d9072c4781bf1c39c5f0e6e6d, meta=451e09d678bdbf3459107c5c52789809, time=2023-05-31, tags=[Ljava.lang.String;@3c4059a, edited=2023-06-05]
b: Bookmark[bookmarkId=319010, href=https://feeds.feedblitz.com/~/741550946/0/baeldung~Hibernate-Natural-IDs-in-Spring-Boot, description=Hibernate Natural IDs in Spring Boot, extended=by Emanuel Trandafir, hash=a20a34f0bcb98fdefa05dfd2f524133a, meta=300615271c7476e8efc84f7fc46292ca, time=2023-05-18, tags=[Ljava.lang.String;@4b336cc8, edited=2023-06-05]
b: Bookmark[bookmarkId=319424, href=https://spring.io/blog/2023/06/02/a-bootiful-podcast-spring-boot-team-member-moritz-halbritter-m_halbritter, description=A Bootiful Podcast: Spring Boot team member Moritz Halbritter (@m_halbritter), extended=by Josh Long, hash=3d92469c4486f2c39f344a11675726ac, meta=95cf853454e1c366830bd4e8da7ba1e4, time=2023-06-02, tags=[Ljava.lang.String;@2570b316, edited=2023-06-05]
b: Bookmark[bookmarkId=318980, href=https://feeds.feedblitz.com/~/741336677/0/baeldung~Shared-Secret-Authentication-in-Spring-Boot-Application, description=Shared Secret Authentication in Spring Boot Application, extended=by baeldung, hash=f7f07ab77c65778e4ce783c9df975da5, meta=a9d228a953fa42fb6795421f967d339a, time=2023-05-17, tags=[Ljava.lang.String;@56881196, edited=2023-06-05]
b: Bookmark[bookmarkId=319392, href=https://webcommwebinar.kktix.cc/events/0616, description=[ 偉康科技 x TWJUG ] Bootiful Spring Boot 3 免費技術小聚，Java 大神駕到！, extended=, hash=6fa4f882c48cd001bd0428a6d52795d6, meta=cc58dd6b10ff43563ab10f4bcfe68fb1, time=2023-05-29, tags=[Ljava.lang.String;@75c33608, edited=2023-06-05]
b: Bookmark[bookmarkId=319000, href=https://spring.io/blog/2023/05/18/spring-tips-go-fast-with-spring-boot-3-1, description=Spring Tips: go fast with Spring Boot 3.1, extended=by Josh Long, hash=ada70f478193d4ef616a92b1d033758a, meta=cc76f29f2d9d6c4a60788a111bafbb69, time=2023-05-18, tags=[Ljava.lang.String;@25464154, edited=2023-06-05]
b: Bookmark[bookmarkId=319386, href=https://feeds.feedblitz.com/~/743373134/0/baeldung~Configuring-Gradle-Tasks-in-Spring-Boot, description=Configuring Gradle Tasks in Spring Boot 3, extended=by baeldung, hash=cd3baf8ed1012b6083dfb4f5966e6a46, meta=c276137aa34d70f9f8f0ff715d8945df, time=2023-05-29, tags=[Ljava.lang.String;@58ebee9, edited=2023-06-05]
]]></system-out>
  <system-err><![CDATA[]]></system-err>
</testsuite>
